<?xml version="1.0" encoding="UTF-8"?>
<coverage generated="1493998843112" clover="3.2.0">
  <project timestamp="1493998843113" name="All files">
    <metrics statements="12" coveredstatements="10" conditionals="6" coveredconditionals="3" methods="4" coveredmethods="4" elements="22" coveredelements="17" complexity="0" loc="12" ncloc="12" packages="1" files="1" classes="1">
      <file name="GroupCard.jsx" path="Q:\Projects\Cody Components\app\components\GroupCard.jsx">
        <metrics statements="12" coveredstatements="10" conditionals="6" coveredconditionals="3" methods="4" coveredmethods="4"/>
        <line num="1" count="1" type="stmt"/>
        <line num="3" count="1" type="stmt"/>
        <line num="5" count="3" type="stmt"/>
        <line num="10" count="3" type="stmt"/>
        <line num="12" count="3" type="cond" truecount="2" falsecount="2"/>
        <line num="13" count="3" type="cond" truecount="1" falsecount="1"/>
        <line num="14" count="0" type="stmt"/>
        <line num="23" count="3" type="stmt"/>
        <line num="33" count="0" type="stmt"/>
        <line num="40" count="3" type="stmt"/>
        <line num="52" count="3" type="stmt"/>
        <line num="60" count="1" type="stmt"/>
      </file>
    </metrics>
  </project>
</coverage>
