{"Q:\\Projects\\Cody Components\\app\\components\\GroupCard.jsx": {"path":"Q:\\Projects\\Cody Components\\app\\components\\GroupCard.jsx","statementMap":{"0":{"start":{"line":1,"column":12},"end":{"line":1,"column":28}},"1":{"start":{"line":3,"column":18},"end":{"line":58,"column":2}},"2":{"start":{"line":5,"column":4},"end":{"line":7,"column":5}},"3":{"start":{"line":10,"column":16},"end":{"line":51,"column":6}},"4":{"start":{"line":12,"column":8},"end":{"line":38,"column":9}},"5":{"start":{"line":13,"column":10},"end":{"line":31,"column":11}},"6":{"start":{"line":14,"column":12},"end":{"line":21,"column":13}},"7":{"start":{"line":23,"column":12},"end":{"line":30,"column":13}},"8":{"start":{"line":33,"column":10},"end":{"line":37,"column":11}},"9":{"start":{"line":40,"column":6},"end":{"line":50,"column":7}},"10":{"start":{"line":52,"column":4},"end":{"line":56,"column":5}},"11":{"start":{"line":60,"column":0},"end":{"line":60,"column":27}}},"fnMap":{"0":{"name":"(anonymous_0)","decl":{"start":{"line":4,"column":19},"end":{"line":4,"column":20}},"loc":{"start":{"line":4,"column":31},"end":{"line":8,"column":3}},"line":4},"1":{"name":"(anonymous_1)","decl":{"start":{"line":9,"column":10},"end":{"line":9,"column":11}},"loc":{"start":{"line":9,"column":21},"end":{"line":57,"column":3}},"line":9},"2":{"name":"(anonymous_2)","decl":{"start":{"line":10,"column":38},"end":{"line":10,"column":39}},"loc":{"start":{"line":10,"column":57},"end":{"line":51,"column":5}},"line":10},"3":{"name":"solvedStatus","decl":{"start":{"line":11,"column":15},"end":{"line":11,"column":27}},"loc":{"start":{"line":11,"column":30},"end":{"line":39,"column":7}},"line":11}},"branchMap":{"0":{"loc":{"start":{"line":12,"column":8},"end":{"line":38,"column":9}},"type":"if","locations":[{"start":{"line":12,"column":8},"end":{"line":38,"column":9}},{"start":{"line":12,"column":8},"end":{"line":38,"column":9}}],"line":12},"1":{"loc":{"start":{"line":12,"column":12},"end":{"line":12,"column":67}},"type":"binary-expr","locations":[{"start":{"line":12,"column":12},"end":{"line":12,"column":36}},{"start":{"line":12,"column":40},"end":{"line":12,"column":67}}],"line":12},"2":{"loc":{"start":{"line":13,"column":10},"end":{"line":31,"column":11}},"type":"if","locations":[{"start":{"line":13,"column":10},"end":{"line":31,"column":11}},{"start":{"line":13,"column":10},"end":{"line":31,"column":11}}],"line":13}},"s":{"0":1,"1":1,"2":5,"3":5,"4":13,"5":11,"6":6,"7":5,"8":2,"9":13,"10":5,"11":1},"f":{"0":5,"1":5,"2":13,"3":13},"b":{"0":[11,2],"1":[13,2],"2":[6,5]},"_coverageSchema":"332fd63041d2c1bcb487cc26dd0d5f7d97098a6c","hash":"92e0cf365c6a9e5e892684cc4bce299c9ea488eb"}
}
